#
# There is insufficient memory for the Java Runtime Environment to continue.
# Native memory allocation (mmap) failed to map 27262976 bytes for Failed to commit area from 0x0000000087e00000 to 0x0000000089800000 of length 27262976.
# Possible reasons:
#   The system is out of physical RAM or swap space
#   The process is running with CompressedOops enabled, and the Java Heap may be blocking the growth of the native heap
# Possible solutions:
#   Reduce memory load on the system
#   Increase physical memory or swap space
#   Check if swap backing store is full
#   Decrease Java heap size (-Xmx/-Xms)
#   Decrease number of Java threads
#   Decrease Java thread stack sizes (-Xss)
#   Set larger code cache with -XX:ReservedCodeCacheSize=
#   JVM is running with Unscaled Compressed Oops mode in which the Java heap is
#     placed in the first 4GB address space. The Java Heap base address is the
#     maximum limit for the native heap growth. Please use -XX:HeapBaseMinAddress
#     to set the Java Heap base and to place the Java Heap above 4GB virtual address.
# This output file may be truncated or incomplete.
#
#  Out of Memory Error (./src/hotspot/os/windows/os_windows.cpp:3311), pid=12292, tid=10796
#
# JRE version: OpenJDK Runtime Environment Corretto-11.0.13.8.1 (11.0.13+8) (build 11.0.13+8-LTS)
# Java VM: OpenJDK 64-Bit Server VM Corretto-11.0.13.8.1 (11.0.13+8-LTS, mixed mode, tiered, compressed oops, g1 gc, windows-amd64)
# No core dump will be written. Minidumps are not enabled by default on client versions of Windows
#

---------------  S U M M A R Y ------------

Command Line: --add-opens=java.base/java.util=ALL-UNNAMED --add-opens=java.base/java.lang=ALL-UNNAMED --add-opens=java.base/java.lang.invoke=ALL-UNNAMED --add-opens=java.prefs/java.util.prefs=ALL-UNNAMED -Xmx2048m -Dfile.encoding=UTF-8 -Duser.country=CN -Duser.language=zh -Duser.variant org.gradle.launcher.daemon.bootstrap.GradleDaemon 6.7.1

Host: Intel(R) Core(TM) i7-8565U CPU @ 1.80GHz, 8 cores, 7G,  Windows 10 , 64 bit Build 22000 (10.0.22000.434)
Time: Wed Mar  9 17:29:38 2022 中国标准时间 elapsed time: 21.877115 seconds (0d 0h 0m 21s)

---------------  T H R E A D  ---------------

Current thread (0x0000020540220000):  VMThread "VM Thread" [stack: 0x0000006248c00000,0x0000006248d00000] [id=10796]

Stack: [0x0000006248c00000,0x0000006248d00000]
[error occurred during error reporting (printing stack bounds), id 0xc0000005, EXCEPTION_ACCESS_VIOLATION (0xc0000005) at pc=0x00000205298b112d]

Native frames: (J=compiled Java code, j=interpreted, Vv=VM code, C=native code)
V  [jvm.dll+0x61ccaa]
V  [jvm.dll+0x7a9839]
V  [jvm.dll+0x7aaeff]
V  [jvm.dll+0x7ab535]
V  [jvm.dll+0x7ab4eb]
V  [jvm.dll+0x61c193]
V  [jvm.dll+0x61c8a8]
C  [ntdll.dll+0xa86ef]
C  [ntdll.dll+0x35aea]
C  [ntdll.dll+0xa76fe]
C  0x00000205298b112d

VM_Operation (0x000000624c4fe060): G1CollectForAllocation, mode: safepoint, requested by thread 0x0000020540eb2000


---------------  P R O C E S S  ---------------

Threads class SMR info:
_java_thread_list=0x0000020543483800, length=50, elements={
0x0000020521180800, 0x0000020540222800, 0x0000020540224800, 0x000002054024e000,
0x0000020540b2b800, 0x0000020540b2c800, 0x0000020540b32000, 0x0000020540b35000,
0x0000020540b36000, 0x0000020540ca1800, 0x00000205421ed800, 0x000002054249a000,
0x0000020541c48800, 0x0000020541e9a800, 0x00000205416a1000, 0x00000205420a4000,
0x0000020542a74800, 0x000002054234b800, 0x0000020542460000, 0x0000020542461000,
0x00000205424e8000, 0x00000205424ea800, 0x00000205424eb000, 0x00000205424ec000,
0x00000205424e9800, 0x00000205424ed000, 0x00000205424ed800, 0x00000205424ee800,
0x00000205424e8800, 0x0000020540ea6800, 0x0000020540ea9000, 0x0000020540ea7800,
0x0000020540ea9800, 0x0000020540ea5000, 0x0000020540ea4000, 0x0000020540ea8000,
0x0000020540eaa800, 0x0000020540eab800, 0x0000020540ea5800, 0x0000020540eb1000,
0x0000020540eaf800, 0x0000020540eae800, 0x0000020540eb0800, 0x0000020540ead000,
0x0000020540eb2000, 0x0000020540eac000, 0x0000020540eb2800, 0x0000020540eae000,
0x0000020546224000, 0x0000020546223800
}

Java Threads: ( => current thread )
  0x0000020521180800 JavaThread "main" [_thread_blocked, id=2836, stack(0x0000006248600000,0x0000006248700000)]
  0x0000020540222800 JavaThread "Reference Handler" daemon [_thread_blocked, id=14860, stack(0x0000006248d00000,0x0000006248e00000)]
  0x0000020540224800 JavaThread "Finalizer" daemon [_thread_blocked, id=15704, stack(0x0000006248e00000,0x0000006248f00000)]
  0x000002054024e000 JavaThread "Signal Dispatcher" daemon [_thread_blocked, id=12200, stack(0x0000006248f00000,0x0000006249000000)]
  0x0000020540b2b800 JavaThread "Attach Listener" daemon [_thread_blocked, id=12996, stack(0x0000006249000000,0x0000006249100000)]
  0x0000020540b2c800 JavaThread "Service Thread" daemon [_thread_blocked, id=10160, stack(0x0000006249100000,0x0000006249200000)]
  0x0000020540b32000 JavaThread "C2 CompilerThread0" daemon [_thread_in_native, id=3956, stack(0x0000006249200000,0x0000006249300000)]
  0x0000020540b35000 JavaThread "C1 CompilerThread0" daemon [_thread_blocked, id=8236, stack(0x0000006249300000,0x0000006249400000)]
  0x0000020540b36000 JavaThread "Sweeper thread" daemon [_thread_blocked, id=13444, stack(0x0000006249400000,0x0000006249500000)]
  0x0000020540ca1800 JavaThread "Common-Cleaner" daemon [_thread_blocked, id=12820, stack(0x0000006249500000,0x0000006249600000)]
  0x00000205421ed800 JavaThread "Daemon health stats" [_thread_blocked, id=6944, stack(0x0000006249a00000,0x0000006249b00000)]
  0x000002054249a000 JavaThread "Incoming local TCP Connector on port 1646" [_thread_in_native, id=9856, stack(0x0000006249c00000,0x0000006249d00000)]
  0x0000020541c48800 JavaThread "Daemon periodic checks" [_thread_blocked, id=9268, stack(0x0000006249d00000,0x0000006249e00000)]
  0x0000020541e9a800 JavaThread "Daemon" [_thread_blocked, id=9564, stack(0x0000006249e00000,0x0000006249f00000)]
  0x00000205416a1000 JavaThread "Handler for socket connection from /127.0.0.1:1646 to /127.0.0.1:1647" [_thread_in_native, id=9764, stack(0x0000006249f00000,0x000000624a000000)]
  0x00000205420a4000 JavaThread "Cancel handler" [_thread_blocked, id=7768, stack(0x000000624a000000,0x000000624a100000)]
  0x0000020542a74800 JavaThread "Daemon worker" [_thread_blocked, id=9484, stack(0x000000624a100000,0x000000624a200000)]
  0x000002054234b800 JavaThread "Asynchronous log dispatcher for DefaultDaemonConnection: socket connection from /127.0.0.1:1646 to /127.0.0.1:1647" [_thread_blocked, id=10492, stack(0x000000624a200000,0x000000624a300000)]
  0x0000020542460000 JavaThread "Stdin handler" [_thread_blocked, id=9828, stack(0x000000624a300000,0x000000624a400000)]
  0x0000020542461000 JavaThread "Thread-8" [_thread_blocked, id=5676, stack(0x000000624a400000,0x000000624a500000)]
  0x00000205424e8000 JavaThread "Cache worker for file hash cache (C:\Users\UWillno\.gradle\caches\6.7.1\fileHashes)" [_thread_blocked, id=1388, stack(0x000000624ab00000,0x000000624ac00000)]
  0x00000205424ea800 JavaThread "File lock request listener" [_thread_in_native, id=4044, stack(0x000000624ac00000,0x000000624ad00000)]
  0x00000205424eb000 JavaThread "Cache worker for journal cache (C:\Users\UWillno\.gradle\caches\journal-1)" [_thread_blocked, id=3452, stack(0x000000624ae00000,0x000000624af00000)]
  0x00000205424ec000 JavaThread "Cache worker for file hash cache (C:\Users\UWillno\Desktop\Uwzz2\.gradle\6.7.1\fileHashes)" [_thread_blocked, id=14400, stack(0x000000624b000000,0x000000624b100000)]
  0x00000205424e9800 JavaThread "jar transforms" [_thread_blocked, id=11068, stack(0x000000624b100000,0x000000624b200000)]
  0x00000205424ed000 JavaThread "jar transforms Thread 2" [_thread_blocked, id=14772, stack(0x000000624b200000,0x000000624b300000)]
  0x00000205424ed800 JavaThread "jar transforms Thread 3" [_thread_blocked, id=4156, stack(0x000000624b300000,0x000000624b400000)]
  0x00000205424ee800 JavaThread "jar transforms Thread 4" [_thread_blocked, id=13192, stack(0x000000624b400000,0x000000624b500000)]
  0x00000205424e8800 JavaThread "jar transforms Thread 5" [_thread_blocked, id=5156, stack(0x000000624b500000,0x000000624b600000)]
  0x0000020540ea6800 JavaThread "jar transforms Thread 6" [_thread_blocked, id=13256, stack(0x000000624b600000,0x000000624b700000)]
  0x0000020540ea9000 JavaThread "jar transforms Thread 7" [_thread_blocked, id=15932, stack(0x000000624b700000,0x000000624b800000)]
  0x0000020540ea7800 JavaThread "jar transforms Thread 8" [_thread_blocked, id=16072, stack(0x000000624b800000,0x000000624b900000)]
  0x0000020540ea9800 JavaThread "jar transforms Thread 9" [_thread_blocked, id=15840, stack(0x000000624b900000,0x000000624ba00000)]
  0x0000020540ea5000 JavaThread "jar transforms Thread 10" [_thread_blocked, id=12136, stack(0x000000624ba00000,0x000000624bb00000)]
  0x0000020540ea4000 JavaThread "jar transforms Thread 11" [_thread_blocked, id=15972, stack(0x000000624bb00000,0x000000624bc00000)]
  0x0000020540ea8000 JavaThread "jar transforms Thread 12" [_thread_blocked, id=16912, stack(0x000000624bc00000,0x000000624bd00000)]
  0x0000020540eaa800 JavaThread "jar transforms Thread 13" [_thread_blocked, id=16080, stack(0x000000624af00000,0x000000624b000000)]
  0x0000020540eab800 JavaThread "jar transforms Thread 14" [_thread_blocked, id=17376, stack(0x000000624bd00000,0x000000624be00000)]
  0x0000020540ea5800 JavaThread "jar transforms Thread 15" [_thread_blocked, id=13872, stack(0x000000624be00000,0x000000624bf00000)]
  0x0000020540eb1000 JavaThread "jar transforms Thread 16" [_thread_blocked, id=5212, stack(0x000000624bf00000,0x000000624c000000)]
  0x0000020540eaf800 JavaThread "jar transforms Thread 17" [_thread_blocked, id=11160, stack(0x000000624c000000,0x000000624c100000)]
  0x0000020540eae800 JavaThread "jar transforms Thread 18" [_thread_blocked, id=12456, stack(0x000000624c100000,0x000000624c200000)]
  0x0000020540eb0800 JavaThread "jar transforms Thread 19" [_thread_blocked, id=10948, stack(0x000000624c200000,0x000000624c300000)]
  0x0000020540ead000 JavaThread "jar transforms Thread 20" [_thread_blocked, id=6908, stack(0x000000624c300000,0x000000624c400000)]
  0x0000020540eb2000 JavaThread "jar transforms Thread 21" [_thread_blocked, id=12384, stack(0x000000624c400000,0x000000624c500000)]
  0x0000020540eac000 JavaThread "Cache worker for checksums cache (C:\Users\UWillno\Desktop\Uwzz2\.gradle\checksums)" [_thread_blocked, id=6956, stack(0x000000624c500000,0x000000624c600000)]
  0x0000020540eb2800 JavaThread "Cache worker for cache directory md-supplier (C:\Users\UWillno\.gradle\caches\6.7.1\md-supplier)" [_thread_blocked, id=15000, stack(0x000000624c600000,0x000000624c700000)]
  0x0000020540eae000 JavaThread "Cache worker for cache directory md-rule (C:\Users\UWillno\.gradle\caches\6.7.1\md-rule)" [_thread_blocked, id=12580, stack(0x000000624c700000,0x000000624c800000)]
  0x0000020546224000 JavaThread "Cache worker for execution history cache (C:\Users\UWillno\.gradle\caches\6.7.1\executionHistory)" [_thread_blocked, id=3204, stack(0x000000624c900000,0x000000624ca00000)]
  0x0000020546223800 JavaThread "Cache worker for file content cache (C:\Users\UWillno\.gradle\caches\6.7.1\fileContent)" [_thread_blocked, id=15304, stack(0x000000624ca00000,0x000000624cb00000)]

Other Threads:
=>0x0000020540220000 VMThread "VM Thread" [stack: 0x0000006248c00000,0x0000006248d00000] [id=10796]
  0x0000020540cbc800 WatcherThread [stack: 0x0000006249600000,0x0000006249700000] [id=13440]
  0x000002052119a800 GCTaskThread "GC Thread#0" [stack: 0x0000006248700000,0x0000006248800000] [id=7328]
  0x00000205415d1000 GCTaskThread "GC Thread#1" [stack: 0x0000006249800000,0x0000006249900000] [id=6600]
  0x00000205415d2000 GCTaskThread "GC Thread#2" [stack: 0x0000006249900000,0x0000006249a00000] [id=17396]
  0x00000205428dc800 GCTaskThread "GC Thread#3" [stack: 0x000000624a500000,0x000000624a600000] [id=10888]
  0x00000205429b6800 GCTaskThread "GC Thread#4" [stack: 0x000000624a600000,0x000000624a700000] [id=13156]
  0x000002054214d000 GCTaskThread "GC Thread#5" [stack: 0x000000624a700000,0x000000624a800000] [id=7552]
  0x000002054233a000 GCTaskThread "GC Thread#6" [stack: 0x000000624a800000,0x000000624a900000] [id=12408]
  0x0000020542102800 GCTaskThread "GC Thread#7" [stack: 0x000000624a900000,0x000000624aa00000] [id=12888]
  0x00000205211cb800 ConcurrentGCThread "G1 Main Marker" [stack: 0x0000006248800000,0x0000006248900000] [id=17268]
  0x00000205211cd000 ConcurrentGCThread "G1 Conc#0" [stack: 0x0000006248900000,0x0000006248a00000] [id=9308]
  0x0000020542989000 ConcurrentGCThread "G1 Conc#1" [stack: 0x000000624ad00000,0x000000624ae00000] [id=12184]
  0x000002052125d800 ConcurrentGCThread "G1 Refine#0" [stack: 0x0000006248a00000,0x0000006248b00000] [id=3364]
  0x0000020541b46800 ConcurrentGCThread "G1 Refine#1" [stack: 0x000000624aa00000,0x000000624ab00000] [id=13084]
  0x000002052125e800 ConcurrentGCThread "G1 Young RemSet Sampling" [stack: 0x0000006248b00000,0x0000006248c00000] [id=3040]

Threads with active compile tasks:
C2 CompilerThread0  21932 4346       4       org.objectweb.asm.ClassReader::readCode (5089 bytes)

VM state:at safepoint (normal execution)

VM Mutex/Monitor currently owned by a thread:  ([mutex/lock_event])
[0x000002052117ce70] Threads_lock - owner thread: 0x0000020540220000
[0x000002052117c450] Heap_lock - owner thread: 0x0000020540eb2000

Heap address: 0x0000000080000000, size: 2048 MB, Compressed Oops mode: 32-bit
Narrow klass base: 0x0000000000000000, Narrow klass shift: 3
Compressed class space size: 1073741824 Address: 0x0000000100000000

Heap:
 garbage-first heap   total 155648K, used 56110K [0x0000000080000000, 0x0000000100000000)
  region size 1024K, 4 young (4096K), 4 survivors (4096K)
 Metaspace       used 43650K, capacity 44612K, committed 45008K, reserved 1089536K
  class space    used 5373K, capacity 5699K, committed 5840K, reserved 1048576K
Heap Regions: E=young(eden), S=young(survivor), O=old, HS=humongous(starts), HC=humongous(continues), CS=collection set, F=free, A=archive, TAMS=top-at-mark-start (previous, next)
|   0|0x0000000080000000, 0x0000000080100000, 0x0000000080100000|100%| O|  |TAMS 0x0000000080100000, 0x0000000080000000| Untracked 
|   1|0x0000000080100000, 0x0000000080200000, 0x0000000080200000|100%| O|  |TAMS 0x0000000080200000, 0x0000000080100000| Untracked 
|   2|0x0000000080200000, 0x0000000080300000, 0x0000000080300000|100%| O|  |TAMS 0x0000000080300000, 0x0000000080200000| Untracked 
|   3|0x0000000080300000, 0x0000000080400000, 0x0000000080400000|100%|HS|  |TAMS 0x0000000080400000, 0x0000000080300000| Complete 
|   4|0x0000000080400000, 0x0000000080500000, 0x0000000080500000|100%|HC|  |TAMS 0x0000000080500000, 0x0000000080400000| Complete 
|   5|0x0000000080500000, 0x0000000080600000, 0x0000000080600000|100%|HC|  |TAMS 0x0000000080600000, 0x0000000080500000| Complete 
|   6|0x0000000080600000, 0x0000000080700000, 0x0000000080700000|100%| O|  |TAMS 0x0000000080700000, 0x0000000080600000| Untracked 
|   7|0x0000000080700000, 0x0000000080800000, 0x0000000080800000|100%| O|  |TAMS 0x0000000080800000, 0x0000000080700000| Untracked 
|   8|0x0000000080800000, 0x0000000080900000, 0x0000000080900000|100%| O|  |TAMS 0x0000000080900000, 0x0000000080800000| Untracked 
|   9|0x0000000080900000, 0x0000000080a00000, 0x0000000080a00000|100%| O|  |TAMS 0x0000000080a00000, 0x0000000080900000| Untracked 
|  10|0x0000000080a00000, 0x0000000080b00000, 0x0000000080b00000|100%| O|  |TAMS 0x0000000080b00000, 0x0000000080a00000| Untracked 
|  11|0x0000000080b00000, 0x0000000080c00000, 0x0000000080c00000|100%| O|  |TAMS 0x0000000080c00000, 0x0000000080b00000| Untracked 
|  12|0x0000000080c00000, 0x0000000080d00000, 0x0000000080d00000|100%| O|  |TAMS 0x0000000080d00000, 0x0000000080c00000| Untracked 
|  13|0x0000000080d00000, 0x0000000080e00000, 0x0000000080e00000|100%| O|  |TAMS 0x0000000080e00000, 0x0000000080d00000| Untracked 
|  14|0x0000000080e00000, 0x0000000080f00000, 0x0000000080f00000|100%| O|  |TAMS 0x0000000080f00000, 0x0000000080e00000| Untracked 
|  15|0x0000000080f00000, 0x0000000081000000, 0x0000000081000000|100%| O|  |TAMS 0x0000000081000000, 0x0000000080f00000| Untracked 
|  16|0x0000000081000000, 0x0000000081100000, 0x0000000081100000|100%|HS|  |TAMS 0x0000000081100000, 0x0000000081000000| Complete 
|  17|0x0000000081100000, 0x0000000081200000, 0x0000000081200000|100%|HC|  |TAMS 0x0000000081200000, 0x0000000081100000| Complete 
|  18|0x0000000081200000, 0x0000000081300000, 0x0000000081300000|100%|HS|  |TAMS 0x0000000081300000, 0x0000000081200000| Complete 
|  19|0x0000000081300000, 0x0000000081400000, 0x0000000081400000|100%|HC|  |TAMS 0x0000000081400000, 0x0000000081300000| Complete 
|  20|0x0000000081400000, 0x0000000081500000, 0x0000000081500000|100%|HC|  |TAMS 0x0000000081500000, 0x0000000081400000| Complete 
|  21|0x0000000081500000, 0x0000000081600000, 0x0000000081600000|100%|HS|  |TAMS 0x0000000081600000, 0x0000000081500000| Complete 
|  22|0x0000000081600000, 0x0000000081700000, 0x0000000081700000|100%|HS|  |TAMS 0x0000000081700000, 0x0000000081600000| Complete 
|  23|0x0000000081700000, 0x0000000081800000, 0x0000000081800000|100%|HC|  |TAMS 0x0000000081800000, 0x0000000081700000| Complete 
|  24|0x0000000081800000, 0x0000000081900000, 0x0000000081900000|100%|HC|  |TAMS 0x0000000081900000, 0x0000000081800000| Complete 
|  25|0x0000000081900000, 0x0000000081a00000, 0x0000000081a00000|100%|HC|  |TAMS 0x0000000081a00000, 0x0000000081900000| Complete 
|  26|0x0000000081a00000, 0x0000000081b00000, 0x0000000081b00000|100%|HS|  |TAMS 0x0000000081b00000, 0x0000000081a00000| Complete 
|  27|0x0000000081b00000, 0x0000000081c00000, 0x0000000081c00000|100%|HC|  |TAMS 0x0000000081c00000, 0x0000000081b00000| Complete 
|  28|0x0000000081c00000, 0x0000000081d00000, 0x0000000081d00000|100%|HC|  |TAMS 0x0000000081d00000, 0x0000000081c00000| Complete 
|  29|0x0000000081d00000, 0x0000000081e00000, 0x0000000081e00000|100%|HC|  |TAMS 0x0000000081e00000, 0x0000000081d00000| Complete 
|  30|0x0000000081e00000, 0x0000000081f00000, 0x0000000081f00000|100%| O|  |TAMS 0x0000000081f00000, 0x0000000081e00000| Untracked 
|  31|0x0000000081f00000, 0x0000000082000000, 0x0000000082000000|100%| O|  |TAMS 0x0000000082000000, 0x0000000081f00000| Untracked 
|  32|0x0000000082000000, 0x0000000082100000, 0x0000000082100000|100%| O|  |TAMS 0x0000000082100000, 0x0000000082000000| Untracked 
|  33|0x0000000082100000, 0x0000000082200000, 0x0000000082200000|100%| O|  |TAMS 0x0000000082200000, 0x0000000082100000| Untracked 
|  34|0x0000000082200000, 0x00000000822ffff8, 0x0000000082300000| 99%| O|  |TAMS 0x00000000822ffff8, 0x0000000082200000| Untracked 
|  35|0x0000000082300000, 0x0000000082400000, 0x0000000082400000|100%| O|  |TAMS 0x0000000082400000, 0x0000000082300000| Untracked 
|  36|0x0000000082400000, 0x0000000082500000, 0x0000000082500000|100%| O|  |TAMS 0x0000000082500000, 0x0000000082400000| Untracked 
|  37|0x0000000082500000, 0x0000000082500000, 0x0000000082600000|  0%| F|  |TAMS 0x0000000082500000, 0x0000000082500000| Untracked 
|  38|0x0000000082600000, 0x0000000082600000, 0x0000000082700000|  0%| F|  |TAMS 0x0000000082600000, 0x0000000082600000| Untracked 
|  39|0x0000000082700000, 0x0000000082700000, 0x0000000082800000|  0%| F|  |TAMS 0x0000000082700000, 0x0000000082700000| Untracked 
|  40|0x0000000082800000, 0x0000000082800000, 0x0000000082900000|  0%| F|  |TAMS 0x0000000082800000, 0x0000000082800000| Untracked 
|  41|0x0000000082900000, 0x0000000082a00000, 0x0000000082a00000|100%| O|  |TAMS 0x0000000082a00000, 0x0000000082900000| Untracked 
|  42|0x0000000082a00000, 0x0000000082b00000, 0x0000000082b00000|100%| O|  |TAMS 0x0000000082b00000, 0x0000000082a00000| Untracked 
|  43|0x0000000082b00000, 0x0000000082c00000, 0x0000000082c00000|100%| O|  |TAMS 0x0000000082c00000, 0x0000000082b00000| Untracked 
|  44|0x0000000082c00000, 0x0000000082d00000, 0x0000000082d00000|100%| O|  |TAMS 0x0000000082d00000, 0x0000000082c00000| Untracked 
|  45|0x0000000082d00000, 0x0000000082e00000, 0x0000000082e00000|100%| O|  |TAMS 0x0000000082e00000, 0x0000000082d00000| Untracked 
|  46|0x0000000082e00000, 0x0000000082f00000, 0x0000000082f00000|100%| O|  |TAMS 0x0000000082f00000, 0x0000000082e00000| Untracked 
|  47|0x0000000082f00000, 0x0000000083000000, 0x0000000083000000|100%| O|  |TAMS 0x0000000083000000, 0x0000000082f00000| Untracked 
|  48|0x0000000083000000, 0x0000000083100000, 0x0000000083100000|100%| O|  |TAMS 0x0000000083100000, 0x0000000083000000| Untracked 
|  49|0x0000000083100000, 0x0000000083200000, 0x0000000083200000|100%| O|  |TAMS 0x0000000083200000, 0x0000000083100000| Untracked 
|  50|0x0000000083200000, 0x0000000083300000, 0x0000000083300000|100%| O|  |TAMS 0x0000000083300000, 0x0000000083200000| Untracked 
|  51|0x0000000083300000, 0x0000000083400000, 0x0000000083400000|100%| O|  |TAMS 0x0000000083400000, 0x0000000083300000| Untracked 
|  52|0x0000000083400000, 0x0000000083500000, 0x0000000083500000|100%| O|  |TAMS 0x0000000083500000, 0x0000000083400000| Untracked 
|  53|0x0000000083500000, 0x0000000083600000, 0x0000000083600000|100%| O|  |TAMS 0x0000000083600000, 0x0000000083500000| Untracked 
|  54|0x0000000083600000, 0x0000000083700000, 0x0000000083700000|100%| O|  |TAMS 0x000000008362fe00, 0x0000000083600000| Untracked 
|  55|0x0000000083700000, 0x0000000083745200, 0x0000000083800000| 27%| O|  |TAMS 0x0000000083700000, 0x0000000083700000| Untracked 
|  56|0x0000000083800000, 0x0000000083800000, 0x0000000083900000|  0%| F|  |TAMS 0x0000000083800000, 0x0000000083800000| Untracked 
|  57|0x0000000083900000, 0x0000000083900000, 0x0000000083a00000|  0%| F|  |TAMS 0x0000000083900000, 0x0000000083900000| Untracked 
|  58|0x0000000083a00000, 0x0000000083a00000, 0x0000000083b00000|  0%| F|  |TAMS 0x0000000083a00000, 0x0000000083a00000| Untracked 
|  59|0x0000000083b00000, 0x0000000083b00000, 0x0000000083c00000|  0%| F|  |TAMS 0x0000000083b00000, 0x0000000083b00000| Untracked 
|  60|0x0000000083c00000, 0x0000000083c00000, 0x0000000083d00000|  0%| F|  |TAMS 0x0000000083c00000, 0x0000000083c00000| Untracked 
|  61|0x0000000083d00000, 0x0000000083d00000, 0x0000000083e00000|  0%| F|  |TAMS 0x0000000083d00000, 0x0000000083d00000| Untracked 
|  62|0x0000000083e00000, 0x0000000083e00000, 0x0000000083f00000|  0%| F|  |TAMS 0x0000000083e00000, 0x0000000083e00000| Untracked 
|  63|0x0000000083f00000, 0x0000000083f00000, 0x0000000084000000|  0%| F|  |TAMS 0x0000000083f00000, 0x0000000083f00000| Untracked 
|  64|0x0000000084000000, 0x0000000084000000, 0x0000000084100000|  0%| F|  |TAMS 0x0000000084000000, 0x0000000084000000| Untracked 
|  65|0x0000000084100000, 0x0000000084100000, 0x0000000084200000|  0%| F|  |TAMS 0x0000000084100000, 0x0000000084100000| Untracked 
|  66|0x0000000084200000, 0x0000000084200000, 0x0000000084300000|  0%| F|  |TAMS 0x0000000084200000, 0x0000000084200000| Untracked 
|  67|0x0000000084300000, 0x0000000084300000, 0x0000000084400000|  0%| F|  |TAMS 0x0000000084300000, 0x0000000084300000| Untracked 
|  68|0x0000000084400000, 0x0000000084400000, 0x0000000084500000|  0%| F|  |TAMS 0x0000000084400000, 0x0000000084400000| Untracked 
|  69|0x0000000084500000, 0x0000000084500000, 0x0000000084600000|  0%| F|  |TAMS 0x0000000084500000, 0x0000000084500000| Untracked 
|  70|0x0000000084600000, 0x0000000084600000, 0x0000000084700000|  0%| F|  |TAMS 0x0000000084600000, 0x0000000084600000| Untracked 
|  71|0x0000000084700000, 0x00000000847867c0, 0x0000000084800000| 52%| S|CS|TAMS 0x0000000084700000, 0x0000000084700000| Complete 
|  72|0x0000000084800000, 0x0000000084800000, 0x0000000084900000|  0%| F|  |TAMS 0x0000000084800000, 0x0000000084800000| Untracked 
|  73|0x0000000084900000, 0x0000000084a00000, 0x0000000084a00000|100%| S|CS|TAMS 0x0000000084900000, 0x0000000084900000| Complete 
|  74|0x0000000084a00000, 0x0000000084b00000, 0x0000000084b00000|100%| S|CS|TAMS 0x0000000084a00000, 0x0000000084a00000| Complete 
|  75|0x0000000084b00000, 0x0000000084b00000, 0x0000000084c00000|  0%| F|  |TAMS 0x0000000084b00000, 0x0000000084b00000| Untracked 
|  76|0x0000000084c00000, 0x0000000084c00000, 0x0000000084d00000|  0%| F|  |TAMS 0x0000000084c00000, 0x0000000084c00000| Untracked 
|  77|0x0000000084d00000, 0x0000000084e00000, 0x0000000084e00000|100%| S|CS|TAMS 0x0000000084d00000, 0x0000000084d00000| Complete 
|  78|0x0000000084e00000, 0x0000000084e00000, 0x0000000084f00000|  0%| F|  |TAMS 0x0000000084e00000, 0x0000000084e00000| Untracked 
|  79|0x0000000084f00000, 0x0000000084f00000, 0x0000000085000000|  0%| F|  |TAMS 0x0000000084f00000, 0x0000000084f00000| Untracked 
|  80|0x0000000085000000, 0x0000000085000000, 0x0000000085100000|  0%| F|  |TAMS 0x0000000085000000, 0x0000000085000000| Untracked 
|  81|0x0000000085100000, 0x0000000085100000, 0x0000000085200000|  0%| F|  |TAMS 0x0000000085100000, 0x0000000085100000| Untracked 
|  82|0x0000000085200000, 0x0000000085200000, 0x0000000085300000|  0%| F|  |TAMS 0x0000000085200000, 0x0000000085200000| Untracked 
|  83|0x0000000085300000, 0x0000000085300000, 0x0000000085400000|  0%| F|  |TAMS 0x0000000085300000, 0x0000000085300000| Untracked 
|  84|0x0000000085400000, 0x0000000085400000, 0x0000000085500000|  0%| F|  |TAMS 0x0000000085400000, 0x0000000085400000| Untracked 
|  85|0x0000000085500000, 0x0000000085500000, 0x0000000085600000|  0%| F|  |TAMS 0x0000000085500000, 0x0000000085500000| Untracked 
|  86|0x0000000085600000, 0x0000000085600000, 0x0000000085700000|  0%| F|  |TAMS 0x0000000085600000, 0x0000000085600000| Untracked 
|  87|0x0000000085700000, 0x0000000085700000, 0x0000000085800000|  0%| F|  |TAMS 0x0000000085700000, 0x0000000085700000| Untracked 
|  88|0x0000000085800000, 0x0000000085800000, 0x0000000085900000|  0%| F|  |TAMS 0x0000000085800000, 0x0000000085800000| Untracked 
|  89|0x0000000085900000, 0x0000000085900000, 0x0000000085a00000|  0%| F|  |TAMS 0x0000000085900000, 0x0000000085900000| Untracked 
|  90|0x0000000085a00000, 0x0000000085a00000, 0x0000000085b00000|  0%| F|  |TAMS 0x0000000085a00000, 0x0000000085a00000| Untracked 
|  91|0x0000000085b00000, 0x0000000085b00000, 0x0000000085c00000|  0%| F|  |TAMS 0x0000000085b00000, 0x0000000085b00000| Untracked 
|  92|0x0000000085c00000, 0x0000000085c00000, 0x0000000085d00000|  0%| F|  |TAMS 0x0000000085c00000, 0x0000000085c00000| Untracked 
|  93|0x0000000085d00000, 0x0000000085d00000, 0x0000000085e00000|  0%| F|  |TAMS 0x0000000085d00000, 0x0000000085d00000| Untracked 
|  94|0x0000000085e00000, 0x0000000085e00000, 0x0000000085f00000|  0%| F|  |TAMS 0x0000000085e00000, 0x0000000085e00000| Untracked 
|  95|0x0000000085f00000, 0x0000000085f00000, 0x0000000086000000|  0%| F|  |TAMS 0x0000000085f00000, 0x0000000085f00000| Untracked 
|  96|0x0000000086000000, 0x0000000086000000, 0x0000000086100000|  0%| F|  |TAMS 0x0000000086000000, 0x0000000086000000| Untracked 
|  97|0x0000000086100000, 0x0000000086100000, 0x0000000086200000|  0%| F|  |TAMS 0x0000000086100000, 0x0000000086100000| Untracked 
|  98|0x0000000086200000, 0x0000000086200000, 0x0000000086300000|  0%| F|  |TAMS 0x0000000086200000, 0x0000000086200000| Untracked 
|  99|0x0000000086300000, 0x0000000086300000, 0x0000000086400000|  0%| F|  |TAMS 0x0000000086300000, 0x0000000086300000| Untracked 
| 100|0x0000000086400000, 0x0000000086400000, 0x0000000086500000|  0%| F|  |TAMS 0x0000000086400000, 0x0000000086400000| Untracked 
| 101|0x0000000086500000, 0x0000000086500000, 0x0000000086600000|  0%| F|  |TAMS 0x0000000086500000, 0x0000000086500000| Untracked 
| 102|0x0000000086600000, 0x0000000086600000, 0x0000000086700000|  0%| F|  |TAMS 0x0000000086600000, 0x0000000086600000| Untracked 
| 103|0x0000000086700000, 0x0000000086700000, 0x0000000086800000|  0%| F|  |TAMS 0x0000000086700000, 0x0000000086700000| Untracked 
| 104|0x0000000086800000, 0x0000000086800000, 0x0000000086900000|  0%| F|  |TAMS 0x0000000086800000, 0x0000000086800000| Untracked 
| 105|0x0000000086900000, 0x0000000086900000, 0x0000000086a00000|  0%| F|  |TAMS 0x0000000086900000, 0x0000000086900000| Untracked 
| 106|0x0000000086a00000, 0x0000000086a00000, 0x0000000086b00000|  0%| F|  |TAMS 0x0000000086a00000, 0x0000000086a00000| Untracked 
| 107|0x0000000086b00000, 0x0000000086b00000, 0x0000000086c00000|  0%| F|  |TAMS 0x0000000086b00000, 0x0000000086b00000| Untracked 
| 108|0x0000000086c00000, 0x0000000086c00000, 0x0000000086d00000|  0%| F|  |TAMS 0x0000000086c00000, 0x0000000086c00000| Untracked 
| 109|0x0000000086d00000, 0x0000000086d00000, 0x0000000086e00000|  0%| F|  |TAMS 0x0000000086d00000, 0x0000000086d00000| Untracked 
| 110|0x0000000086e00000, 0x0000000086e00000, 0x0000000086f00000|  0%| F|  |TAMS 0x0000000086e00000, 0x0000000086e00000| Untracked 
| 111|0x0000000086f00000, 0x0000000086f00000, 0x0000000087000000|  0%| F|  |TAMS 0x0000000086f00000, 0x0000000086f00000| Untracked 
| 112|0x0000000087000000, 0x0000000087000000, 0x0000000087100000|  0%| F|  |TAMS 0x0000000087000000, 0x0000000087000000| Untracked 
| 113|0x0000000087100000, 0x0000000087100000, 0x0000000087200000|  0%| F|  |TAMS 0x0000000087100000, 0x0000000087100000| Untracked 
| 114|0x0000000087200000, 0x0000000087200000, 0x0000000087300000|  0%| F|  |TAMS 0x0000000087200000, 0x0000000087200000| Untracked 
| 115|0x0000000087300000, 0x0000000087300000, 0x0000000087400000|  0%| F|  |TAMS 0x0000000087300000, 0x0000000087300000| Untracked 
| 116|0x0000000087400000, 0x0000000087400000, 0x0000000087500000|  0%| F|  |TAMS 0x0000000087400000, 0x0000000087400000| Untracked 
| 117|0x0000000087500000, 0x0000000087500000, 0x0000000087600000|  0%| F|  |TAMS 0x0000000087500000, 0x0000000087500000| Untracked 
| 118|0x0000000087600000, 0x0000000087600000, 0x0000000087700000|  0%| F|  |TAMS 0x0000000087600000, 0x0000000087600000| Untracked 
| 119|0x0000000087700000, 0x0000000087700000, 0x0000000087800000|  0%| F|  |TAMS 0x0000000087700000, 0x0000000087700000| Untracked 
| 120|0x0000000087800000, 0x0000000087800000, 0x0000000087900000|  0%| F|  |TAMS 0x0000000087800000, 0x0000000087800000| Untracked 
| 121|0x0000000087900000, 0x0000000087900000, 0x0000000087a00000|  0%| F|  |TAMS 0x0000000087900000, 0x0000000087900000| Untracked 
| 122|0x0000000087a00000, 0x0000000087a00000, 0x0000000087b00000|  0%| F|  |TAMS 0x0000000087a00000, 0x0000000087a00000| Untracked 
| 123|0x0000000087b00000, 0x0000000087b00000, 0x0000000087c00000|  0%| F|  |TAMS 0x0000000087b00000, 0x0000000087b00000| Untracked 
| 124|0x0000000087c00000, 0x0000000087c00000, 0x0000000087d00000|  0%| F|  |TAMS 0x0000000087c00000, 0x0000000087c00000| Untracked 
| 125|0x0000000087d00000, 0x0000000087d00000, 0x0000000087e00000|  0%| F|  |TAMS 0x0000000087d00000, 0x0000000087d00000| Untracked 

Card table byte_map: [0x0000020538fe0000,0x00000205393e0000] _byte_map_base: 0x0000020538be0000

Marking Bits (Prev, Next): (CMBitMap*) 0x00000205211c2bb0, (CMBitMap*) 0x00000205211c2b78
 Prev Bits: [0x000002053b7e0000, 0x000002053d7e0000)
 Next Bits: [0x00000205397e0000, 0x000002053b7e0000)

Polling page: 0x000002051f1a0000

Metaspace:

Usage:
  Non-class:     38.00 MB capacity,    37.38 MB ( 98%) used,   548.17 KB (  1%) free+waste,    87.56 KB ( <1%) overhead. 
      Class:      5.57 MB capacity,     5.25 MB ( 94%) used,   284.09 KB (  5%) free+waste,    41.44 KB ( <1%) overhead. 
       Both:     43.57 MB capacity,    42.63 MB ( 98%) used,   832.27 KB (  2%) free+waste,   129.00 KB ( <1%) overhead. 

Virtual space:
  Non-class space:       40.00 MB reserved,      38.25 MB ( 96%) committed 
      Class space:        1.00 GB reserved,       5.70 MB ( <1%) committed 
             Both:        1.04 GB reserved,      43.95 MB (  4%) committed 

Chunk freelists:
   Non-Class:  63.00 KB
       Class:  29.00 KB
        Both:  92.00 KB

MaxMetaspaceSize: 17179869184.00 GB
CompressedClassSpaceSize: 1.00 GB
Initial GC threshold: 20.80 MB
Current GC threshold: 73.26 MB
CDS: off

CodeHeap 'non-profiled nmethods': size=120000Kb used=3253Kb max_used=3253Kb free=116746Kb
 bounds [0x0000020531380000, 0x00000205316b0000, 0x00000205388b0000]
CodeHeap 'profiled nmethods': size=120000Kb used=9763Kb max_used=9763Kb free=110236Kb
 bounds [0x0000020529e50000, 0x000002052a7e0000, 0x0000020531380000]
CodeHeap 'non-nmethods': size=5760Kb used=2286Kb max_used=2353Kb free=3473Kb
 bounds [0x00000205298b0000, 0x0000020529b20000, 0x0000020529e50000]
 total_blobs=5067 nmethods=4285 adapters=694
 compilation: enabled
              stopped_count=0, restarted_count=0
 full_count=0

Compilation events (20 events):
Event: 20.555 Thread 0x0000020540b35000 4337       3       org.objectweb.asm.SymbolTable::addConstantDynamicOrInvokeDynamicReference (140 bytes)
Event: 20.557 Thread 0x0000020540b35000 nmethod 4337 0x000002052a7cfe90 code [0x000002052a7d0100, 0x000002052a7d08d8]
Event: 20.557 Thread 0x0000020540b35000 4336       3       org.objectweb.asm.ByteVector::put112 (80 bytes)
Event: 20.557 Thread 0x0000020540b35000 nmethod 4336 0x000002052a7d0d90 code [0x000002052a7d0f60, 0x000002052a7d11a8]
Event: 20.672 Thread 0x0000020540b35000 4339       3       org.objectweb.asm.MethodWriter::visitTryCatchBlock (67 bytes)
Event: 20.673 Thread 0x0000020540b35000 nmethod 4339 0x000002052a7d1310 code [0x000002052a7d1520, 0x000002052a7d1ba8]
Event: 20.691 Thread 0x0000020540b35000 4340       3       java.util.stream.AbstractPipeline::<init> (55 bytes)
Event: 20.691 Thread 0x0000020540b35000 nmethod 4340 0x000002052a7d1e10 code [0x000002052a7d1fe0, 0x000002052a7d22b8]
Event: 20.696 Thread 0x0000020540b35000 4341       3       org.objectweb.asm.SymbolTable::addConstantMethodHandle (197 bytes)
Event: 20.697 Thread 0x0000020540b35000 nmethod 4341 0x000002052a7d2390 code [0x000002052a7d2640, 0x000002052a7d3138]
Event: 20.949 Thread 0x0000020540b35000 4343       3       org.objectweb.asm.MethodVisitor::visitLookupSwitchInsn (18 bytes)
Event: 20.949 Thread 0x0000020540b35000 nmethod 4343 0x000002052a7d3810 code [0x000002052a7d39c0, 0x000002052a7d3ba8]
Event: 21.094 Thread 0x0000020540b35000 4345       3       org.objectweb.asm.ClassReader::readField (667 bytes)
Event: 21.101 Thread 0x0000020540b35000 nmethod 4345 0x000002052a7d3c90 code [0x000002052a7d4220, 0x000002052a7d7198]
Event: 21.158 Thread 0x0000020540b32000 nmethod 4325% 0x0000020531699090 code [0x0000020531699800, 0x00000205316a23c0]
Event: 21.159 Thread 0x0000020540b32000 4342       4       org.apache.tools.zip.ZipOutputStream::writeDeflated (129 bytes)
Event: 21.206 Thread 0x0000020540b32000 nmethod 4342 0x00000205316aac10 code [0x00000205316aae40, 0x00000205316accc8]
Event: 21.207 Thread 0x0000020540b32000 4346       4       org.objectweb.asm.ClassReader::readCode (5089 bytes)
Event: 21.840 Thread 0x0000020540b35000 4367       2       java.io.BufferedOutputStream::flushBuffer (29 bytes)
Event: 21.840 Thread 0x0000020540b35000 nmethod 4367 0x000002052a7d8a10 code [0x000002052a7d8bc0, 0x000002052a7d8d08]

GC Heap History (20 events):
Event: 18.891 GC heap after
{Heap after GC invocations=18 (full 0):
 garbage-first heap   total 129024K, used 55416K [0x0000000080000000, 0x0000000100000000)
  region size 1024K, 8 young (8192K), 8 survivors (8192K)
 Metaspace       used 43670K, capacity 44640K, committed 45008K, reserved 1089536K
  class space    used 5380K, capacity 5707K, committed 5840K, reserved 1048576K
}
Event: 19.226 GC heap before
{Heap before GC invocations=18 (full 0):
 garbage-first heap   total 129024K, used 105592K [0x0000000080000000, 0x0000000100000000)
  region size 1024K, 57 young (58368K), 8 survivors (8192K)
 Metaspace       used 43670K, capacity 44640K, committed 45008K, reserved 1089536K
  class space    used 5380K, capacity 5707K, committed 5840K, reserved 1048576K
}
Event: 19.234 GC heap after
{Heap after GC invocations=19 (full 0):
 garbage-first heap   total 129024K, used 56671K [0x0000000080000000, 0x0000000100000000)
  region size 1024K, 2 young (2048K), 2 survivors (2048K)
 Metaspace       used 43670K, capacity 44640K, committed 45008K, reserved 1089536K
  class space    used 5380K, capacity 5707K, committed 5840K, reserved 1048576K
}
Event: 19.582 GC heap before
{Heap before GC invocations=19 (full 0):
 garbage-first heap   total 129024K, used 105823K [0x0000000080000000, 0x0000000100000000)
  region size 1024K, 50 young (51200K), 2 survivors (2048K)
 Metaspace       used 43670K, capacity 44640K, committed 45008K, reserved 1089536K
  class space    used 5380K, capacity 5707K, committed 5840K, reserved 1048576K
}
Event: 19.584 GC heap after
{Heap after GC invocations=20 (full 0):
 garbage-first heap   total 129024K, used 56890K [0x0000000080000000, 0x0000000100000000)
  region size 1024K, 2 young (2048K), 2 survivors (2048K)
 Metaspace       used 43670K, capacity 44640K, committed 45008K, reserved 1089536K
  class space    used 5380K, capacity 5707K, committed 5840K, reserved 1048576K
}
Event: 19.683 GC heap before
{Heap before GC invocations=20 (full 0):
 garbage-first heap   total 129024K, used 70202K [0x0000000080000000, 0x0000000100000000)
  region size 1024K, 15 young (15360K), 2 survivors (2048K)
 Metaspace       used 43670K, capacity 44640K, committed 45008K, reserved 1089536K
  class space    used 5380K, capacity 5707K, committed 5840K, reserved 1048576K
}
Event: 19.685 GC heap after
{Heap after GC invocations=21 (full 0):
 garbage-first heap   total 129024K, used 56739K [0x0000000080000000, 0x0000000100000000)
  region size 1024K, 2 young (2048K), 2 survivors (2048K)
 Metaspace       used 43670K, capacity 44640K, committed 45008K, reserved 1089536K
  class space    used 5380K, capacity 5707K, committed 5840K, reserved 1048576K
}
Event: 20.149 GC heap before
{Heap before GC invocations=22 (full 0):
 garbage-first heap   total 129024K, used 109987K [0x0000000080000000, 0x0000000100000000)
  region size 1024K, 50 young (51200K), 2 survivors (2048K)
 Metaspace       used 43650K, capacity 44612K, committed 45008K, reserved 1089536K
  class space    used 5373K, capacity 5699K, committed 5840K, reserved 1048576K
}
Event: 20.152 GC heap after
{Heap after GC invocations=23 (full 0):
 garbage-first heap   total 129024K, used 57680K [0x0000000080000000, 0x0000000100000000)
  region size 1024K, 3 young (3072K), 3 survivors (3072K)
 Metaspace       used 43650K, capacity 44612K, committed 45008K, reserved 1089536K
  class space    used 5373K, capacity 5699K, committed 5840K, reserved 1048576K
}
Event: 20.350 GC heap before
{Heap before GC invocations=23 (full 0):
 garbage-first heap   total 129024K, used 106832K [0x0000000080000000, 0x0000000100000000)
  region size 1024K, 51 young (52224K), 3 survivors (3072K)
 Metaspace       used 43650K, capacity 44612K, committed 45008K, reserved 1089536K
  class space    used 5373K, capacity 5699K, committed 5840K, reserved 1048576K
}
Event: 20.353 GC heap after
{Heap after GC invocations=24 (full 0):
 garbage-first heap   total 129024K, used 58260K [0x0000000080000000, 0x0000000100000000)
  region size 1024K, 3 young (3072K), 3 survivors (3072K)
 Metaspace       used 43650K, capacity 44612K, committed 45008K, reserved 1089536K
  class space    used 5373K, capacity 5699K, committed 5840K, reserved 1048576K
}
Event: 20.629 GC heap before
{Heap before GC invocations=24 (full 0):
 garbage-first heap   total 129024K, used 108436K [0x0000000080000000, 0x0000000100000000)
  region size 1024K, 52 young (53248K), 3 survivors (3072K)
 Metaspace       used 43650K, capacity 44612K, committed 45008K, reserved 1089536K
  class space    used 5373K, capacity 5699K, committed 5840K, reserved 1048576K
}
Event: 20.632 GC heap after
{Heap after GC invocations=25 (full 0):
 garbage-first heap   total 129024K, used 58495K [0x0000000080000000, 0x0000000100000000)
  region size 1024K, 3 young (3072K), 3 survivors (3072K)
 Metaspace       used 43650K, capacity 44612K, committed 45008K, reserved 1089536K
  class space    used 5373K, capacity 5699K, committed 5840K, reserved 1048576K
}
Event: 20.917 GC heap before
{Heap before GC invocations=25 (full 0):
 garbage-first heap   total 129024K, used 108671K [0x0000000080000000, 0x0000000100000000)
  region size 1024K, 52 young (53248K), 3 survivors (3072K)
 Metaspace       used 43650K, capacity 44612K, committed 45008K, reserved 1089536K
  class space    used 5373K, capacity 5699K, committed 5840K, reserved 1048576K
}
Event: 20.921 GC heap after
{Heap after GC invocations=26 (full 0):
 garbage-first heap   total 129024K, used 58931K [0x0000000080000000, 0x0000000100000000)
  region size 1024K, 4 young (4096K), 4 survivors (4096K)
 Metaspace       used 43650K, capacity 44612K, committed 45008K, reserved 1089536K
  class space    used 5373K, capacity 5699K, committed 5840K, reserved 1048576K
}
Event: 21.196 GC heap before
{Heap before GC invocations=26 (full 0):
 garbage-first heap   total 129024K, used 109107K [0x0000000080000000, 0x0000000100000000)
  region size 1024K, 53 young (54272K), 4 survivors (4096K)
 Metaspace       used 43650K, capacity 44612K, committed 45008K, reserved 1089536K
  class space    used 5373K, capacity 5699K, committed 5840K, reserved 1048576K
}
Event: 21.201 GC heap after
{Heap after GC invocations=27 (full 0):
 garbage-first heap   total 129024K, used 59488K [0x0000000080000000, 0x0000000100000000)
  region size 1024K, 4 young (4096K), 4 survivors (4096K)
 Metaspace       used 43650K, capacity 44612K, committed 45008K, reserved 1089536K
  class space    used 5373K, capacity 5699K, committed 5840K, reserved 1048576K
}
Event: 21.450 GC heap before
{Heap before GC invocations=27 (full 0):
 garbage-first heap   total 129024K, used 109664K [0x0000000080000000, 0x0000000100000000)
  region size 1024K, 53 young (54272K), 4 survivors (4096K)
 Metaspace       used 43650K, capacity 44612K, committed 45008K, reserved 1089536K
  class space    used 5373K, capacity 5699K, committed 5840K, reserved 1048576K
}
Event: 21.455 GC heap after
{Heap after GC invocations=28 (full 0):
 garbage-first heap   total 129024K, used 59890K [0x0000000080000000, 0x0000000100000000)
  region size 1024K, 5 young (5120K), 5 survivors (5120K)
 Metaspace       used 43650K, capacity 44612K, committed 45008K, reserved 1089536K
  class space    used 5373K, capacity 5699K, committed 5840K, reserved 1048576K
}
Event: 21.865 GC heap before
{Heap before GC invocations=28 (full 0):
 garbage-first heap   total 129024K, used 109042K [0x0000000080000000, 0x0000000100000000)
  region size 1024K, 53 young (54272K), 5 survivors (5120K)
 Metaspace       used 43650K, capacity 44612K, committed 45008K, reserved 1089536K
  class space    used 5373K, capacity 5699K, committed 5840K, reserved 1048576K
}

Deoptimization events (20 events):
Event: 21.574 Thread 0x0000020540eb2000 DEOPT PACKING pc=0x000002052a7c0d22 sp=0x000000624c4fe410
Event: 21.574 Thread 0x0000020540eb2000 DEOPT UNPACKING pc=0x00000205298fa95e sp=0x000000624c4fda80 mode 0
Event: 21.597 Thread 0x0000020540eb2000 DEOPT PACKING pc=0x000002052a7c0104 sp=0x000000624c4fe410
Event: 21.597 Thread 0x0000020540eb2000 DEOPT UNPACKING pc=0x00000205298fa95e sp=0x000000624c4fda80 mode 0
Event: 21.601 Thread 0x0000020540eb2000 DEOPT PACKING pc=0x000002052a7c0d22 sp=0x000000624c4fe410
Event: 21.601 Thread 0x0000020540eb2000 DEOPT UNPACKING pc=0x00000205298fa95e sp=0x000000624c4fda80 mode 0
Event: 21.605 Thread 0x0000020540eb2000 DEOPT PACKING pc=0x000002052a7c0104 sp=0x000000624c4fe410
Event: 21.605 Thread 0x0000020540eb2000 DEOPT UNPACKING pc=0x00000205298fa95e sp=0x000000624c4fda80 mode 0
Event: 21.638 Thread 0x0000020540eb2000 DEOPT PACKING pc=0x000002052a7c0104 sp=0x000000624c4fe410
Event: 21.638 Thread 0x0000020540eb2000 DEOPT UNPACKING pc=0x00000205298fa95e sp=0x000000624c4fda80 mode 0
Event: 21.647 Thread 0x0000020540eb2000 DEOPT PACKING pc=0x000002052a7c0104 sp=0x000000624c4fe410
Event: 21.647 Thread 0x0000020540eb2000 DEOPT UNPACKING pc=0x00000205298fa95e sp=0x000000624c4fda80 mode 0
Event: 21.650 Thread 0x0000020540eb2000 DEOPT PACKING pc=0x000002052a7c0d22 sp=0x000000624c4fe410
Event: 21.650 Thread 0x0000020540eb2000 DEOPT UNPACKING pc=0x00000205298fa95e sp=0x000000624c4fda80 mode 0
Event: 21.771 Thread 0x0000020540eb2000 DEOPT PACKING pc=0x000002052a7c0104 sp=0x000000624c4fe410
Event: 21.771 Thread 0x0000020540eb2000 DEOPT UNPACKING pc=0x00000205298fa95e sp=0x000000624c4fda80 mode 0
Event: 21.785 Thread 0x0000020540eb2000 Uncommon trap: trap_request=0xffffff4d fr.pc=0x00000205315d8bd4 relative=0x00000000000004d4
Event: 21.785 Thread 0x0000020540eb2000 Uncommon trap: reason=unstable_if action=reinterpret pc=0x00000205315d8bd4 method=java.io.BufferedOutputStream.flushBuffer()V @ 4 c2
Event: 21.785 Thread 0x0000020540eb2000 DEOPT PACKING pc=0x00000205315d8bd4 sp=0x000000624c4feb20
Event: 21.785 Thread 0x0000020540eb2000 DEOPT UNPACKING pc=0x00000205298fa1af sp=0x000000624c4fea70 mode 2

Classes redefined (0 events):
No events

Internal exceptions (20 events):
Event: 13.834 Thread 0x0000020542a74800 Exception <a 'java/lang/ClassNotFoundException'{0x00000000861ea8a0}: org/gradle/internal/metaobject/ConfigureDelegateBeanInfo> (0x00000000861ea8a0) thrown at [./src/hotspot/share/classfile/systemDictionary.cpp, line 231]
Event: 13.835 Thread 0x0000020542a74800 Exception <a 'java/lang/ClassNotFoundException'{0x0000000086008338}: org/gradle/internal/metaobject/ConfigureDelegateCustomizer> (0x0000000086008338) thrown at [./src/hotspot/share/classfile/systemDictionary.cpp, line 231]
Event: 13.847 Thread 0x0000020542a74800 Exception <a 'java/lang/ClassNotFoundException'{0x00000000860644c8}: org/gradle/api/internal/initialization/DefaultScriptHandlerBeanInfo> (0x00000000860644c8) thrown at [./src/hotspot/share/classfile/systemDictionary.cpp, line 231]
Event: 13.848 Thread 0x0000020542a74800 Exception <a 'java/lang/ClassNotFoundException'{0x0000000086085520}: org/gradle/api/internal/initialization/DefaultScriptHandlerCustomizer> (0x0000000086085520) thrown at [./src/hotspot/share/classfile/systemDictionary.cpp, line 231]
Event: 13.989 Thread 0x0000020542a74800 Exception <a 'java/lang/ClassNotFoundException'{0x00000000859a0a58}: org/gradle/api/internal/artifacts/dsl/dependencies/DefaultDependencyHandler_DecoratedBeanInfo> (0x00000000859a0a58) thrown at [./src/hotspot/share/classfile/systemDictionary.cpp, line 231]
Event: 13.990 Thread 0x0000020542a74800 Exception <a 'java/lang/ClassNotFoundException'{0x00000000859d3b10}: org/gradle/api/internal/artifacts/dsl/dependencies/DefaultDependencyHandlerBeanInfo> (0x00000000859d3b10) thrown at [./src/hotspot/share/classfile/systemDictionary.cpp, line 231]
Event: 13.991 Thread 0x0000020542a74800 Exception <a 'java/lang/ClassNotFoundException'{0x0000000085807100}: org/gradle/api/internal/artifacts/dsl/dependencies/DefaultDependencyHandlerCustomizer> (0x0000000085807100) thrown at [./src/hotspot/share/classfile/systemDictionary.cpp, line 231]
Event: 13.994 Thread 0x0000020542a74800 Exception <a 'java/lang/ClassNotFoundException'{0x0000000085858fe0}: org/gradle/api/internal/artifacts/dsl/dependencies/DefaultDependencyHandler_DecoratedCustomizer> (0x0000000085858fe0) thrown at [./src/hotspot/share/classfile/systemDictionary.cpp, line 231]
Event: 13.998 Thread 0x0000020542a74800 Exception <a 'java/lang/ClassNotFoundException'{0x0000000085893dd8}: sync_studio_tooling1_6e9ltbpvjhkuew4jwlgwxrulq$_run_closure1BeanInfo> (0x0000000085893dd8) thrown at [./src/hotspot/share/classfile/systemDictionary.cpp, line 231]
Event: 13.999 Thread 0x0000020542a74800 Exception <a 'java/lang/ClassNotFoundException'{0x000000008589a148}: sync_studio_tooling1_6e9ltbpvjhkuew4jwlgwxrulq$_run_closure1Customizer> (0x000000008589a148) thrown at [./src/hotspot/share/classfile/systemDictionary.cpp, line 231]
Event: 14.112 Thread 0x0000020542a74800 Exception <a 'java/lang/NoSuchMethodError'{0x000000008537c000}: 'java.lang.Object java.lang.invoke.DirectMethodHandle$Holder.invokeStatic(java.lang.Object, int, java.lang.Object)'> (0x000000008537c000) thrown at [./src/hotspot/share/interpreter/linkResolver.cpp, line 773]
Event: 14.252 Thread 0x0000020542a74800 Exception <a 'java/lang/NoSuchMethodError'{0x0000000087c82060}: 'java.lang.Object java.lang.invoke.DirectMethodHandle$Holder.invokeStatic(java.lang.Object, java.lang.Object, java.lang.Object, int)'> (0x0000000087c82060) thrown at [./src/hotspot/share/interpreter/linkResolver.cpp, line 773]
Event: 14.252 Thread 0x0000020542a74800 Exception <a 'java/lang/NoSuchMethodError'{0x0000000087c86678}: 'java.lang.Object java.lang.invoke.DirectMethodHandle$Holder.invokeSpecial(java.lang.Object, java.lang.Object, java.lang.Object, java.lang.Object, int)'> (0x0000000087c86678) thrown at [./src/hotspot/share/interpreter/linkResolver.cpp, line 773]
Event: 14.253 Thread 0x0000020542a74800 Exception <a 'java/lang/NoSuchMethodError'{0x0000000087c8a5b0}: 'java.lang.Object java.lang.invoke.Invokers$Holder.linkToTargetMethod(java.lang.Object, java.lang.Object, int, java.lang.Object)'> (0x0000000087c8a5b0) thrown at [./src/hotspot/share/interpreter/linkResolver.cpp, line 773]
Event: 14.260 Thread 0x0000020542a74800 Exception <a 'java/lang/NoSuchMethodError'{0x0000000087cd50a0}: 'int java.lang.invoke.DirectMethodHandle$Holder.invokeInterface(java.lang.Object, java.lang.Object)'> (0x0000000087cd50a0) thrown at [./src/hotspot/share/interpreter/linkResolver.cpp, line 773]
Event: 14.261 Thread 0x0000020542a74800 Exception <a 'java/lang/IncompatibleClassChangeError'{0x0000000087cd88d8}: Found class java.lang.Object, but interface was expected> (0x0000000087cd88d8) thrown at [./src/hotspot/share/interpreter/linkResolver.cpp, line 839]
Event: 14.296 Thread 0x0000020542a74800 Exception <a 'java/lang/NoSuchMethodError'{0x0000000087a64db0}: 'java.lang.Object java.lang.invoke.Invokers$Holder.linkToTargetMethod(java.lang.Object, int, java.lang.Object)'> (0x0000000087a64db0) thrown at [./src/hotspot/share/interpreter/linkResolver.cpp, line 773]
Event: 14.354 Thread 0x0000020542a74800 Exception <a 'java/lang/NoSuchMethodError'{0x00000000877f0718}: 'int java.lang.invoke.DirectMethodHandle$Holder.invokeStaticInit(java.lang.Object)'> (0x00000000877f0718) thrown at [./src/hotspot/share/interpreter/linkResolver.cpp, line 773]
Event: 15.056 Thread 0x0000020540ead000 Exception <a 'sun/nio/fs/WindowsException'{0x00000000872f6620}> (0x00000000872f6620) thrown at [./src/hotspot/share/prims/jni.cpp, line 616]
Event: 15.058 Thread 0x0000020540ead000 Exception <a 'sun/nio/fs/WindowsException'{0x00000000872f67d8}> (0x00000000872f67d8) thrown at [./src/hotspot/share/prims/jni.cpp, line 616]

Events (20 events):
Event: 19.685 Executing VM operation: G1CollectForAllocation done
Event: 19.742 Executing VM operation: CGC_Operation
Event: 19.753 Executing VM operation: CGC_Operation done
Event: 19.777 Executing VM operation: CGC_Operation
Event: 19.778 Executing VM operation: CGC_Operation done
Event: 20.149 Executing VM operation: G1CollectForAllocation
Event: 20.152 Executing VM operation: G1CollectForAllocation done
Event: 20.350 Executing VM operation: G1CollectForAllocation
Event: 20.353 Executing VM operation: G1CollectForAllocation done
Event: 20.629 Executing VM operation: G1CollectForAllocation
Event: 20.632 Executing VM operation: G1CollectForAllocation done
Event: 20.917 Executing VM operation: G1CollectForAllocation
Event: 20.921 Executing VM operation: G1CollectForAllocation done
Event: 21.196 Executing VM operation: G1CollectForAllocation
Event: 21.201 Executing VM operation: G1CollectForAllocation done
Event: 21.450 Executing VM operation: G1CollectForAllocation
Event: 21.455 Executing VM operation: G1CollectForAllocation done
Event: 21.785 Executing VM operation: RevokeBias
Event: 21.785 Executing VM operation: RevokeBias done
Event: 21.865 Executing VM operation: G1CollectForAllocation


Dynamic libraries:
0x00007ff728370000 - 0x00007ff72837d000 	C:\Users\UWillno\.jdks\corretto-11.0.13\bin\java.exe
0x00007ffecc2e0000 - 0x00007ffecc4e9000 	C:\WINDOWS\SYSTEM32\ntdll.dll
0x00007ffecb250000 - 0x00007ffecb30d000 	C:\WINDOWS\System32\KERNEL32.DLL
0x00007ffec9d10000 - 0x00007ffeca084000 	C:\WINDOWS\System32\KERNELBASE.dll
0x00007ffec9b80000 - 0x00007ffec9c91000 	C:\WINDOWS\System32\ucrtbase.dll
0x00007ffebfe40000 - 0x00007ffebfe59000 	C:\Users\UWillno\.jdks\corretto-11.0.13\bin\VCRUNTIME140.dll
0x00007ffe78240000 - 0x00007ffe78257000 	C:\Users\UWillno\.jdks\corretto-11.0.13\bin\jli.dll
0x00007ffecb7c0000 - 0x00007ffecb96c000 	C:\WINDOWS\System32\USER32.dll
0x00007ffec98c0000 - 0x00007ffec98e6000 	C:\WINDOWS\System32\win32u.dll
0x00007ffecb320000 - 0x00007ffecb349000 	C:\WINDOWS\System32\GDI32.dll
0x00007ffec97a0000 - 0x00007ffec98b2000 	C:\WINDOWS\System32\gdi32full.dll
0x00007ffeb2e40000 - 0x00007ffeb30e5000 	C:\WINDOWS\WinSxS\amd64_microsoft.windows.common-controls_6595b64144ccf1df_6.0.22000.120_none_9d947278b86cc467\COMCTL32.dll
0x00007ffec9ae0000 - 0x00007ffec9b7d000 	C:\WINDOWS\System32\msvcp_win.dll
0x00007ffecba20000 - 0x00007ffecbac3000 	C:\WINDOWS\System32\msvcrt.dll
0x00007ffecbc70000 - 0x00007ffecbca1000 	C:\WINDOWS\System32\IMM32.DLL
0x00007ffe735e0000 - 0x00007ffe7367b000 	C:\Users\UWillno\.jdks\corretto-11.0.13\bin\msvcp140.dll
0x00007ffe70f80000 - 0x00007ffe71aff000 	C:\Users\UWillno\.jdks\corretto-11.0.13\bin\server\jvm.dll
0x00007ffecb970000 - 0x00007ffecba1e000 	C:\WINDOWS\System32\ADVAPI32.dll
0x00007ffeca160000 - 0x00007ffeca1fe000 	C:\WINDOWS\System32\sechost.dll
0x00007ffecaf20000 - 0x00007ffecb040000 	C:\WINDOWS\System32\RPCRT4.dll
0x00007ffecb310000 - 0x00007ffecb318000 	C:\WINDOWS\System32\PSAPI.DLL
0x00007ffeae610000 - 0x00007ffeae643000 	C:\WINDOWS\SYSTEM32\WINMM.dll
0x00007ffe953d0000 - 0x00007ffe953d9000 	C:\WINDOWS\SYSTEM32\WSOCK32.dll
0x00007ffebf9a0000 - 0x00007ffebf9aa000 	C:\WINDOWS\SYSTEM32\VERSION.dll
0x00007ffecb150000 - 0x00007ffecb1bf000 	C:\WINDOWS\System32\WS2_32.dll
0x00007ffec8990000 - 0x00007ffec89a8000 	C:\WINDOWS\SYSTEM32\kernel.appcore.dll
0x00007ffec2840000 - 0x00007ffec2850000 	C:\Users\UWillno\.jdks\corretto-11.0.13\bin\verify.dll
0x00007ffec4270000 - 0x00007ffec4491000 	C:\WINDOWS\SYSTEM32\DBGHELP.DLL
0x00007ffeacb60000 - 0x00007ffeacb91000 	C:\WINDOWS\SYSTEM32\dbgcore.DLL
0x00007ffec98f0000 - 0x00007ffec996f000 	C:\WINDOWS\System32\bcryptPrimitives.dll
0x00007ffe735b0000 - 0x00007ffe735d8000 	C:\Users\UWillno\.jdks\corretto-11.0.13\bin\java.dll
0x00007ffe9daf0000 - 0x00007ffe9dafa000 	C:\Users\UWillno\.jdks\corretto-11.0.13\bin\jimage.dll
0x00007ffe77040000 - 0x00007ffe77057000 	C:\Users\UWillno\.jdks\corretto-11.0.13\bin\zip.dll
0x00007ffeca450000 - 0x00007ffecabfe000 	C:\WINDOWS\System32\SHELL32.dll
0x00007ffec7920000 - 0x00007ffec8188000 	C:\WINDOWS\SYSTEM32\windows.storage.dll
0x00007ffecb440000 - 0x00007ffecb7b8000 	C:\WINDOWS\System32\combase.dll
0x00007ffec77b0000 - 0x00007ffec7916000 	C:\WINDOWS\SYSTEM32\wintypes.dll
0x00007ffecb350000 - 0x00007ffecb43a000 	C:\WINDOWS\System32\SHCORE.dll
0x00007ffecbad0000 - 0x00007ffecbb2d000 	C:\WINDOWS\System32\shlwapi.dll
0x00007ffec96d0000 - 0x00007ffec96f1000 	C:\WINDOWS\SYSTEM32\profapi.dll
0x00007ffe73590000 - 0x00007ffe735a9000 	C:\Users\UWillno\.jdks\corretto-11.0.13\bin\net.dll
0x00007ffec0890000 - 0x00007ffec099c000 	C:\WINDOWS\SYSTEM32\WINHTTP.dll
0x00007ffec8dc0000 - 0x00007ffec8e27000 	C:\WINDOWS\system32\mswsock.dll
0x00007ffe73570000 - 0x00007ffe73582000 	C:\Users\UWillno\.jdks\corretto-11.0.13\bin\nio.dll
0x00007ffe8be60000 - 0x00007ffe8be87000 	C:\Users\UWillno\.gradle\native\fdc75f09e3144964f2cf3f50f0aa648679c211496f362492102eb8c894070792\windows-amd64\native-platform.dll
0x00007ffe730e0000 - 0x00007ffe73276000 	C:\Users\UWillno\.gradle\native\12488b8bf47d2d4c9fbf2f6322a914ad602e24e48041cd04a747c6da556b65c4\windows-amd64\native-platform-file-events.dll
0x00007ffe94fa0000 - 0x00007ffe94fa9000 	C:\Users\UWillno\.jdks\corretto-11.0.13\bin\management.dll
0x00007ffe80340000 - 0x00007ffe8034b000 	C:\Users\UWillno\.jdks\corretto-11.0.13\bin\management_ext.dll
0x00007ffec9000000 - 0x00007ffec9018000 	C:\WINDOWS\SYSTEM32\CRYPTSP.dll
0x00007ffec88f0000 - 0x00007ffec8925000 	C:\WINDOWS\system32\rsaenh.dll
0x00007ffec8eb0000 - 0x00007ffec8ed9000 	C:\WINDOWS\SYSTEM32\USERENV.dll
0x00007ffec9180000 - 0x00007ffec91a7000 	C:\WINDOWS\SYSTEM32\bcrypt.dll
0x00007ffec9020000 - 0x00007ffec902c000 	C:\WINDOWS\SYSTEM32\CRYPTBASE.dll
0x00007ffec84c0000 - 0x00007ffec84ed000 	C:\WINDOWS\SYSTEM32\IPHLPAPI.DLL
0x00007ffecac00000 - 0x00007ffecac09000 	C:\WINDOWS\System32\NSI.dll
0x00007ffec00d0000 - 0x00007ffec00e9000 	C:\WINDOWS\SYSTEM32\dhcpcsvc6.DLL
0x00007ffec0c40000 - 0x00007ffec0c5e000 	C:\WINDOWS\SYSTEM32\dhcpcsvc.DLL
0x00007ffec8530000 - 0x00007ffec8617000 	C:\WINDOWS\SYSTEM32\DNSAPI.dll
0x00007ffec0c60000 - 0x00007ffec0c6c000 	C:\WINDOWS\SYSTEM32\WINNSI.DLL

dbghelp: loaded successfully - version: 4.0.5 - missing functions: none
symbol engine: initialized successfully - sym options: 0x614 - pdb path: .;C:\Users\UWillno\.jdks\corretto-11.0.13\bin;C:\WINDOWS\SYSTEM32;C:\WINDOWS\WinSxS\amd64_microsoft.windows.common-controls_6595b64144ccf1df_6.0.22000.120_none_9d947278b86cc467;C:\Users\UWillno\.jdks\corretto-11.0.13\bin\server;C:\Users\UWillno\.gradle\native\fdc75f09e3144964f2cf3f50f0aa648679c211496f362492102eb8c894070792\windows-amd64;C:\Users\UWillno\.gradle\native\12488b8bf47d2d4c9fbf2f6322a914ad602e24e48041cd04a747c6da556b65c4\windows-amd64

VM Arguments:
jvm_args: --add-opens=java.base/java.util=ALL-UNNAMED --add-opens=java.base/java.lang=ALL-UNNAMED --add-opens=java.base/java.lang.invoke=ALL-UNNAMED --add-opens=java.prefs/java.util.prefs=ALL-UNNAMED -Xmx2048m -Dfile.encoding=UTF-8 -Duser.country=CN -Duser.language=zh -Duser.variant 
java_command: org.gradle.launcher.daemon.bootstrap.GradleDaemon 6.7.1
java_class_path (initial): C:\Users\UWillno\.gradle\wrapper\dists\gradle-6.7.1-bin\bwlcbys1h7rz3272sye1xwiv6\gradle-6.7.1\lib\gradle-launcher-6.7.1.jar
Launcher Type: SUN_STANDARD

[Global flags]
     intx CICompilerCount                          = 4                                         {product} {ergonomic}
     uint ConcGCThreads                            = 2                                         {product} {ergonomic}
     uint G1ConcRefinementThreads                  = 8                                         {product} {ergonomic}
   size_t G1HeapRegionSize                         = 1048576                                   {product} {ergonomic}
    uintx GCDrainStackTargetSize                   = 64                                        {product} {ergonomic}
   size_t InitialHeapSize                          = 132120576                                 {product} {ergonomic}
   size_t MarkStackSize                            = 4194304                                   {product} {ergonomic}
   size_t MaxHeapSize                              = 2147483648                                {product} {command line}
   size_t MaxNewSize                               = 1287651328                                {product} {ergonomic}
   size_t MinHeapDeltaBytes                        = 1048576                                   {product} {ergonomic}
    uintx NonNMethodCodeHeapSize                   = 5836300                                {pd product} {ergonomic}
    uintx NonProfiledCodeHeapSize                  = 122910970                              {pd product} {ergonomic}
    uintx ProfiledCodeHeapSize                     = 122910970                              {pd product} {ergonomic}
    uintx ReservedCodeCacheSize                    = 251658240                              {pd product} {ergonomic}
     bool SegmentedCodeCache                       = true                                      {product} {ergonomic}
     bool UseCompressedClassPointers               = true                                 {lp64_product} {ergonomic}
     bool UseCompressedOops                        = true                                 {lp64_product} {ergonomic}
     bool UseG1GC                                  = true                                      {product} {ergonomic}
     bool UseLargePagesIndividualAllocation        = false                                  {pd product} {ergonomic}

Logging:
Log output configuration:
 #0: stdout all=warning uptime,level,tags
 #1: stderr all=off uptime,level,tags

Environment Variables:
JAVA_HOME=C:\Program Files\Java\jdk1.8.0_60
PATH=C:\Program Files (x86)\VMware\VMware Workstation\bin\;C:\ProgramData\Oracle\Java\javapath;C:\Program Files\Common Files\Oracle\Java\javapath;C:\Program Files (x86)\Common Files\Oracle\Java\javapath;C:\WINDOWS\system32;C:\WINDOWS;C:\WINDOWS\System32\Wbem;C:\WINDOWS\System32\WindowsPowerShell\v1.0\;C:\WINDOWS\System32\OpenSSH\;C:\Program Files\dotnet\;C:\Program Files\Java\jdk-16.0.1\bin;C:\Program Files\apache-maven-3.8.1-bin\bin;C:\Program Files (x86)\NVIDIA Corporation\PhysX\Common;C:\Program Files\mingw64\bin;C:\WINDOWS\system32;C:\WINDOWS;C:\WINDOWS\System32\Wbem;C:\WINDOWS\System32\WindowsPowerShell\v1.0\;C:\WINDOWS\System32\OpenSSH\;C:\Program Files\NVIDIA Corporation\NVIDIA NvDLISR;C:\Program Files\Java\jdk1.8.0_60\bin;C:\hadoop\bin;C:\hbase\bin;C:\Users\UWillno\AppData\Local\Programs\Python\Python39\Scripts;C:\Users\UWillno\AppData\Local\Programs\Python\Python39;C:\Users\UWillno\AppData\Local\Programs\Python\Python39\Lib;C:\Users\UWillno\AppData\Local\Programs\Python\Python39\Lib\site-packages;C:\Users\UWillno\AppData\Local\Programs\Python\Python37-32\Scripts\;C:\Users\UWillno\AppData\Local\Programs\Python\Python37-32\;C:\Users\UWillno\AppData\Local\Programs\Python\Python39\Scripts\;C:\Users\UWillno\AppData\Local\Programs\Python\Python39\;C:\Users\UWillno\AppData\Local\Microsoft\WindowsApps;;C:\Program Files\JetBrains\IntelliJ IDEA\bin;;C:\Program Files\Azure Data Studio\bin
USERNAME=UWillno
OS=Windows_NT
PROCESSOR_IDENTIFIER=Intel64 Family 6 Model 142 Stepping 11, GenuineIntel



---------------  S Y S T E M  ---------------

OS: Windows 10 , 64 bit Build 22000 (10.0.22000.434)
OS uptime: 0 days 0:05 hours

CPU:total 8 (initial active 8) (4 cores per cpu, 2 threads per core) family 6 model 142 stepping 11 microcode 0xde, cmov, cx8, fxsr, mmx, sse, sse2, sse3, ssse3, sse4.1, sse4.2, popcnt, avx, avx2, aes, clmul, erms, 3dnowpref, lzcnt, ht, tsc, tscinvbit, bmi1, bmi2, adx, fma

Memory: 4k page, system-wide physical 8039M (196M free)
TotalPageFile size 8039M (AvailPageFile size 4M)
current process WorkingSet (physical memory assigned to process): 285M, peak: 297M
current process commit charge ("private bytes"): 329M, peak: 354M

vm_info: OpenJDK 64-Bit Server VM (11.0.13+8-LTS) for windows-amd64 JRE (11.0.13+8-LTS), built on Oct 13 2021 21:32:06 by "Administrator" with unknown MS VC++:1916

END.
